{"level":"info","message":"API GATEWAY is running on port 3000","service":"api-gateway","timestamp":"2025-03-07T11:50:54.105Z"}
{"level":"info","message":"Identity service is running on port http://localhost:3001","service":"api-gateway","timestamp":"2025-03-07T11:50:54.108Z"}
{"level":"info","message":"Redis Url redis://localhost:6379","service":"api-gateway","timestamp":"2025-03-07T11:50:54.108Z"}
{"level":"info","message":"Received POST request to /v1/auth/register","service":"api-gateway","timestamp":"2025-03-07T11:55:52.918Z"}
{"level":"info","message":"Request body, [object Object]","service":"api-gateway","timestamp":"2025-03-07T11:55:52.919Z"}
{"level":"error","message":"Proxy error ","service":"api-gateway","timestamp":"2025-03-07T11:55:52.927Z"}
{"level":"info","message":"API GATEWAY is running on port 3000","service":"api-gateway","timestamp":"2025-03-07T11:58:18.383Z"}
{"level":"info","message":"Identity service is running on port http://localhost:3001","service":"api-gateway","timestamp":"2025-03-07T11:58:18.386Z"}
{"level":"info","message":"Redis Url redis://localhost:6379","service":"api-gateway","timestamp":"2025-03-07T11:58:18.387Z"}
{"level":"info","message":"Received POST request to /v1/auth/register","service":"api-gateway","timestamp":"2025-03-07T12:00:27.652Z"}
{"level":"info","message":"Request body, [object Object]","service":"api-gateway","timestamp":"2025-03-07T12:00:27.653Z"}
{"level":"error","message":"Proxy error ","service":"api-gateway","timestamp":"2025-03-07T12:00:27.659Z"}
{"level":"info","message":"API GATEWAY is running on port 3000","service":"api-gateway","timestamp":"2025-03-07T12:01:09.591Z"}
{"level":"info","message":"Identity service is running on port http://localhost:3001","service":"api-gateway","timestamp":"2025-03-07T12:01:09.595Z"}
{"level":"info","message":"Redis Url redis://localhost:6379","service":"api-gateway","timestamp":"2025-03-07T12:01:09.596Z"}
{"level":"info","message":"Received POST request to /v1/auth/register","service":"api-gateway","timestamp":"2025-03-07T12:01:11.895Z"}
{"level":"info","message":"Request body, [object Object]","service":"api-gateway","timestamp":"2025-03-07T12:01:11.895Z"}
{"level":"info","message":"API GATEWAY is running on port 3000","service":"api-gateway","timestamp":"2025-03-07T12:01:29.564Z"}
{"level":"info","message":"Identity service is running on port http://localhost:3001","service":"api-gateway","timestamp":"2025-03-07T12:01:29.568Z"}
{"level":"info","message":"Redis Url redis://localhost:6379","service":"api-gateway","timestamp":"2025-03-07T12:01:29.569Z"}
{"level":"info","message":"Received POST request to /v1/auth/register","service":"api-gateway","timestamp":"2025-03-07T12:01:31.725Z"}
{"level":"info","message":"Request body, [object Object]","service":"api-gateway","timestamp":"2025-03-07T12:01:31.725Z"}
{"level":"error","message":"Proxy error ","service":"api-gateway","timestamp":"2025-03-07T12:01:31.731Z"}
{"level":"info","message":"API GATEWAY is running on port 3000","service":"api-gateway","timestamp":"2025-03-07T12:08:20.774Z"}
{"level":"info","message":"Identity service is running on port http://localhost:3001","service":"api-gateway","timestamp":"2025-03-07T12:08:20.777Z"}
{"level":"info","message":"Redis Url redis://localhost:6379","service":"api-gateway","timestamp":"2025-03-07T12:08:20.778Z"}
{"level":"info","message":"API GATEWAY is running on port 3000","service":"api-gateway","timestamp":"2025-03-07T12:09:46.835Z"}
{"level":"info","message":"Identity service is running on port http://localhost:3001","service":"api-gateway","timestamp":"2025-03-07T12:09:46.839Z"}
{"level":"info","message":"Redis Url redis://localhost:6379","service":"api-gateway","timestamp":"2025-03-07T12:09:46.839Z"}
{"level":"info","message":"Received GET request to /api/users?filter=username&value=an","service":"api-gateway","timestamp":"2025-03-07T12:10:21.451Z"}
{"level":"info","message":"Request body, [object Object]","service":"api-gateway","timestamp":"2025-03-07T12:10:21.452Z"}
{"level":"info","message":"Received GET request to /","service":"api-gateway","timestamp":"2025-03-07T12:10:28.655Z"}
{"level":"info","message":"Request body, [object Object]","service":"api-gateway","timestamp":"2025-03-07T12:10:28.656Z"}
{"level":"info","message":"Received GET request to /","service":"api-gateway","timestamp":"2025-03-07T12:10:32.874Z"}
{"level":"info","message":"Request body, [object Object]","service":"api-gateway","timestamp":"2025-03-07T12:10:32.874Z"}
{"level":"info","message":"Received GET request to /","service":"api-gateway","timestamp":"2025-03-07T12:10:34.700Z"}
{"level":"info","message":"Request body, [object Object]","service":"api-gateway","timestamp":"2025-03-07T12:10:34.701Z"}
{"level":"info","message":"Received GET request to /api/users?filter=username&value=an","service":"api-gateway","timestamp":"2025-03-07T12:11:05.701Z"}
{"level":"info","message":"Request body, [object Object]","service":"api-gateway","timestamp":"2025-03-07T12:11:05.702Z"}
{"level":"info","message":"Received GET request to /","service":"api-gateway","timestamp":"2025-03-07T12:13:14.001Z"}
{"level":"info","message":"Request body, [object Object]","service":"api-gateway","timestamp":"2025-03-07T12:13:14.002Z"}
{"level":"info","message":"Received POST request to /v1/auth/register","service":"api-gateway","timestamp":"2025-03-07T12:13:19.526Z"}
{"level":"info","message":"Request body, [object Object]","service":"api-gateway","timestamp":"2025-03-07T12:13:19.527Z"}
{"level":"info","message":"Response received from Identity service: 201","service":"api-gateway","timestamp":"2025-03-07T12:13:20.235Z"}
{"level":"info","message":"Received GET request to /","service":"api-gateway","timestamp":"2025-03-07T12:13:46.064Z"}
{"level":"info","message":"Request body, [object Object]","service":"api-gateway","timestamp":"2025-03-07T12:13:46.064Z"}
{"level":"info","message":"Received POST request to /v1/auth/register","service":"api-gateway","timestamp":"2025-03-07T12:16:43.014Z"}
{"level":"info","message":"Request body, [object Object]","service":"api-gateway","timestamp":"2025-03-07T12:16:43.015Z"}
{"level":"info","message":"Response received from Identity service: 400","service":"api-gateway","timestamp":"2025-03-07T12:16:43.236Z"}
{"level":"info","message":"API GATEWAY is running on port 3000","service":"api-gateway","timestamp":"2025-03-07T12:16:59.953Z"}
{"level":"info","message":"Identity service is running on port http://localhost:3001","service":"api-gateway","timestamp":"2025-03-07T12:16:59.957Z"}
{"level":"info","message":"Redis Url redis://localhost:6379","service":"api-gateway","timestamp":"2025-03-07T12:16:59.957Z"}
